The system is: Darwin - 19.6.0 - x86_64
Compiling the CXX compiler identification source file "CMakeCXXCompilerId.cpp" succeeded.
Compiler: /Library/Developer/CommandLineTools/usr/bin/c++ 
Build flags: 
Id flags:  

The output was:
0


Compilation of the CXX compiler identification source "CMakeCXXCompilerId.cpp" produced "a.out"

The CXX compiler identification is AppleClang, found in "/Users/abarker/Desktop/Fast/openfast/build/CMakeFiles/3.18.4/CompilerIdCXX/a.out"

Compiling the C compiler identification source file "CMakeCCompilerId.c" succeeded.
Compiler: /Library/Developer/CommandLineTools/usr/bin/cc 
Build flags: 
Id flags:  

The output was:
0


Compilation of the C compiler identification source "CMakeCCompilerId.c" produced "a.out"

The C compiler identification is AppleClang, found in "/Users/abarker/Desktop/Fast/openfast/build/CMakeFiles/3.18.4/CompilerIdC/a.out"

Compiling the Fortran compiler identification source file "CMakeFortranCompilerId.F" succeeded.
Compiler: /usr/local/bin/gfortran 
Build flags: 
Id flags: -v 

The output was:
0
Driving: /usr/local/bin/gfortran -v CMakeFortranCompilerId.F -mmacosx-version-min=10.15.0 -asm_macosx_version_min=10.15 -l gfortran -shared-libgcc
Using built-in specs.
COLLECT_GCC=/usr/local/bin/gfortran
COLLECT_LTO_WRAPPER=/usr/local/Cellar/gcc/10.2.0_4/libexec/gcc/x86_64-apple-darwin19/10.2.0/lto-wrapper
Target: x86_64-apple-darwin19
Configured with: ../configure --build=x86_64-apple-darwin19 --prefix=/usr/local/Cellar/gcc/10.2.0_4 --libdir=/usr/local/Cellar/gcc/10.2.0_4/lib/gcc/10 --disable-nls --enable-checking=release --enable-languages=c,c++,objc,obj-c++,fortran --program-suffix=-10 --with-gmp=/usr/local/opt/gmp --with-mpfr=/usr/local/opt/mpfr --with-mpc=/usr/local/opt/libmpc --with-isl=/usr/local/opt/isl --with-system-zlib --with-pkgversion='Homebrew GCC 10.2.0_4' --with-bugurl=https://github.com/Homebrew/homebrew-core/issues --disable-multilib --with-native-system-header-dir=/usr/include --with-sysroot=/Library/Developer/CommandLineTools/SDKs/MacOSX10.15.sdk SED=/usr/bin/sed
Thread model: posix
Supported LTO compression algorithms: zlib
gcc version 10.2.0 (Homebrew GCC 10.2.0_4) 
COLLECT_GCC_OPTIONS='-v' '-mmacosx-version-min=10.15.0' '-asm_macosx_version_min=10.15' '-shared-libgcc' '-mtune=core2'
 /usr/local/Cellar/gcc/10.2.0_4/libexec/gcc/x86_64-apple-darwin19/10.2.0/f951 CMakeFortranCompilerId.F -ffixed-form -cpp=/var/folders/jd/y6z0lz61259f5vzddqbpzzv85qrvw2/T//ccDIFgRy.f90 -quiet -v -D__DYNAMIC__ CMakeFortranCompilerId.F -fPIC -quiet -dumpbase CMakeFortranCompilerId.F -mmacosx-version-min=10.15.0 -mtune=core2 -auxbase CMakeFortranCompilerId -version -fintrinsic-modules-path /usr/local/Cellar/gcc/10.2.0_4/lib/gcc/10/gcc/x86_64-apple-darwin19/10.2.0/finclude -o /var/folders/jd/y6z0lz61259f5vzddqbpzzv85qrvw2/T//ccZAK6It.s
GNU Fortran (Homebrew GCC 10.2.0_4) version 10.2.0 (x86_64-apple-darwin19)
	compiled by GNU C version 10.2.0, GMP version 6.2.1, MPFR version 4.1.0, MPC version 1.2.1, isl version isl-0.23-GMP

GGC heuristics: --param ggc-min-expand=100 --param ggc-min-heapsize=131072
ignoring nonexistent directory "/Library/Developer/CommandLineTools/SDKs/MacOSX10.15.sdk/usr/local/include"
ignoring nonexistent directory "/usr/local/Cellar/gcc/10.2.0_4/lib/gcc/10/gcc/x86_64-apple-darwin19/10.2.0/../../../../../../x86_64-apple-darwin19/include"
#include "..." search starts here:
#include <...> search starts here:
 /usr/local/Cellar/gcc/10.2.0_4/lib/gcc/10/gcc/x86_64-apple-darwin19/10.2.0/finclude
 /usr/local/Cellar/gcc/10.2.0_4/lib/gcc/10/gcc/x86_64-apple-darwin19/10.2.0/include
 /usr/local/Cellar/gcc/10.2.0_4/lib/gcc/10/gcc/x86_64-apple-darwin19/10.2.0/include-fixed
 /Library/Developer/CommandLineTools/SDKs/MacOSX10.15.sdk/usr/include
End of search list.
GNU Fortran2008 (Homebrew GCC 10.2.0_4) version 10.2.0 (x86_64-apple-darwin19)
	compiled by GNU C version 10.2.0, GMP version 6.2.1, MPFR version 4.1.0, MPC version 1.2.1, isl version isl-0.23-GMP

GGC heuristics: --param ggc-min-expand=100 --param ggc-min-heapsize=131072
COLLECT_GCC_OPTIONS='-v' '-mmacosx-version-min=10.15.0'  '-shared-libgcc' '-mtune=core2'
 as -arch x86_64 -v -force_cpusubtype_ALL -mmacosx-version-min=10.15 -o /var/folders/jd/y6z0lz61259f5vzddqbpzzv85qrvw2/T//ccluWI43.o /var/folders/jd/y6z0lz61259f5vzddqbpzzv85qrvw2/T//ccZAK6It.s
Apple clang version 12.0.0 (clang-1200.0.31.1)
Target: x86_64-apple-darwin19.6.0
Thread model: posix
InstalledDir: /Library/Developer/CommandLineTools/usr/bin
 "/Library/Developer/CommandLineTools/usr/bin/clang" -cc1as -triple x86_64-apple-macosx10.15.0 -filetype obj -main-file-name ccZAK6It.s -target-cpu penryn -fdebug-compilation-dir /Users/abarker/Desktop/FAST/openfast/build/CMakeFiles/3.18.4/CompilerIdFortran -dwarf-debug-producer "Apple clang version 12.0.0 (clang-1200.0.31.1)" -dwarf-version=4 -mrelocation-model pic -o /var/folders/jd/y6z0lz61259f5vzddqbpzzv85qrvw2/T//ccluWI43.o /var/folders/jd/y6z0lz61259f5vzddqbpzzv85qrvw2/T//ccZAK6It.s
Reading specs from /usr/local/Cellar/gcc/10.2.0_4/lib/gcc/10/gcc/x86_64-apple-darwin19/10.2.0/../../../libgfortran.spec
rename spec lib to liborig
COLLECT_GCC_OPTIONS='-v' '-mmacosx-version-min=10.15.0'  '-shared-libgcc' '-mtune=core2'
COMPILER_PATH=/usr/local/Cellar/gcc/10.2.0_4/libexec/gcc/x86_64-apple-darwin19/10.2.0/:/usr/local/Cellar/gcc/10.2.0_4/libexec/gcc/x86_64-apple-darwin19/10.2.0/:/usr/local/Cellar/gcc/10.2.0_4/libexec/gcc/x86_64-apple-darwin19/:/usr/local/Cellar/gcc/10.2.0_4/lib/gcc/10/gcc/x86_64-apple-darwin19/10.2.0/:/usr/local/Cellar/gcc/10.2.0_4/lib/gcc/10/gcc/x86_64-apple-darwin19/
LIBRARY_PATH=/usr/local/Cellar/gcc/10.2.0_4/lib/gcc/10/gcc/x86_64-apple-darwin19/10.2.0/:/usr/local/Cellar/gcc/10.2.0_4/lib/gcc/10/gcc/x86_64-apple-darwin19/10.2.0/../../../
COLLECT_GCC_OPTIONS='-v' '-mmacosx-version-min=10.15.0'  '-shared-libgcc' '-mtune=core2'
 /usr/local/Cellar/gcc/10.2.0_4/libexec/gcc/x86_64-apple-darwin19/10.2.0/collect2 -syslibroot /Library/Developer/CommandLineTools/SDKs/MacOSX10.15.sdk/ -dynamic -arch x86_64 -macosx_version_min 10.15.0 -weak_reference_mismatches non-weak -o a.out -L/usr/local/Cellar/gcc/10.2.0_4/lib/gcc/10/gcc/x86_64-apple-darwin19/10.2.0 -L/usr/local/Cellar/gcc/10.2.0_4/lib/gcc/10/gcc/x86_64-apple-darwin19/10.2.0/../../.. /var/folders/jd/y6z0lz61259f5vzddqbpzzv85qrvw2/T//ccluWI43.o -lgfortran -lSystem -lgcc_ext.10.5 -lgcc -lquadmath -lm -lgcc_ext.10.5 -lgcc -lSystem -no_compact_unwind -v
collect2 version 10.2.0
/usr/bin/ld -syslibroot /Library/Developer/CommandLineTools/SDKs/MacOSX10.15.sdk/ -dynamic -arch x86_64 -macosx_version_min 10.15.0 -weak_reference_mismatches non-weak -o a.out -L/usr/local/Cellar/gcc/10.2.0_4/lib/gcc/10/gcc/x86_64-apple-darwin19/10.2.0 -L/usr/local/Cellar/gcc/10.2.0_4/lib/gcc/10/gcc/x86_64-apple-darwin19/10.2.0/../../.. /var/folders/jd/y6z0lz61259f5vzddqbpzzv85qrvw2/T//ccluWI43.o -lgfortran -lSystem -lgcc_ext.10.5 -lgcc -lquadmath -lm -lgcc_ext.10.5 -lgcc -lSystem -no_compact_unwind -v
@(#)PROGRAM:ld  PROJECT:ld64-609
BUILD 04:42:03 Aug 10 2020
configured to support archs: armv6 armv7 armv7s arm64 arm64e arm64_32 i386 x86_64 x86_64h armv6m armv7k armv7m armv7em
Library search paths:
	/usr/local/Cellar/gcc/10.2.0_4/lib/gcc/10/gcc/x86_64-apple-darwin19/10.2.0
	/usr/local/Cellar/gcc/10.2.0_4/lib/gcc/10
	/Library/Developer/CommandLineTools/SDKs/MacOSX10.15.sdk/usr/lib
Framework search paths:
	/Library/Developer/CommandLineTools/SDKs/MacOSX10.15.sdk/System/Library/Frameworks/


Compilation of the Fortran compiler identification source "CMakeFortranCompilerId.F" produced "a.out"

The Fortran compiler identification is GNU, found in "/Users/abarker/Desktop/Fast/openfast/build/CMakeFiles/3.18.4/CompilerIdFortran/a.out"

Detecting CXX compiler ABI info compiled with the following output:
Change Dir: /Users/abarker/Desktop/Fast/openfast/build/CMakeFiles/CMakeTmp

Run Build Command(s):/usr/bin/make cmTC_f3c9e/fast && /Library/Developer/CommandLineTools/usr/bin/make  -f CMakeFiles/cmTC_f3c9e.dir/build.make CMakeFiles/cmTC_f3c9e.dir/build
Building CXX object CMakeFiles/cmTC_f3c9e.dir/CMakeCXXCompilerABI.cpp.o
/Library/Developer/CommandLineTools/usr/bin/c++   -isysroot /Library/Developer/CommandLineTools/SDKs/MacOSX10.15.sdk   -v -Wl,-v -o CMakeFiles/cmTC_f3c9e.dir/CMakeCXXCompilerABI.cpp.o -c /Users/abarker/miniconda3/lib/python3.8/site-packages/cmake/data/CMake.app/Contents/share/cmake-3.18/Modules/CMakeCXXCompilerABI.cpp
Apple clang version 12.0.0 (clang-1200.0.31.1)
Target: x86_64-apple-darwin19.6.0
Thread model: posix
InstalledDir: /Library/Developer/CommandLineTools/usr/bin
clang: warning: -Wl,-v: 'linker' input unused [-Wunused-command-line-argument]
ignoring nonexistent directory "/Library/Developer/CommandLineTools/SDKs/MacOSX10.15.sdk/usr/include/c++/v1"
 "/Library/Developer/CommandLineTools/usr/bin/clang" -cc1 -triple x86_64-apple-macosx10.15.0 -Wdeprecated-objc-isa-usage -Werror=deprecated-objc-isa-usage -Werror=implicit-function-declaration -emit-obj -mrelax-all -disable-free -disable-llvm-verifier -discard-value-names -main-file-name CMakeCXXCompilerABI.cpp -mrelocation-model pic -pic-level 2 -mthread-model posix -mframe-pointer=all -fno-strict-return -masm-verbose -munwind-tables -target-sdk-version=10.15.6 -fcompatibility-qualified-id-block-type-checking -target-cpu penryn -dwarf-column-info -debugger-tuning=lldb -target-linker-version 609 -v -resource-dir /Library/Developer/CommandLineTools/usr/lib/clang/12.0.0 -isysroot /Library/Developer/CommandLineTools/SDKs/MacOSX10.15.sdk -stdlib=libc++ -internal-isystem /Library/Developer/CommandLineTools/usr/bin/../include/c++/v1 -internal-isystem /Library/Developer/CommandLineTools/SDKs/MacOSX10.15.sdk/usr/local/include -internal-isystem /Library/Developer/CommandLineTools/usr/lib/clang/12.0.0/include -internal-externc-isystem /Library/Developer/CommandLineTools/SDKs/MacOSX10.15.sdk/usr/include -internal-externc-isystem /Library/Developer/CommandLineTools/usr/include -Wno-reorder-init-list -Wno-implicit-int-float-conversion -Wno-c99-designator -Wno-final-dtor-non-final-class -Wno-extra-semi-stmt -Wno-misleading-indentation -Wno-quoted-include-in-framework-header -Wno-implicit-fallthrough -Wno-enum-enum-conversion -Wno-enum-float-conversion -fdeprecated-macro -fdebug-compilation-dir /Users/abarker/Desktop/FAST/openfast/build/CMakeFiles/CMakeTmp -ferror-limit 19 -fmessage-length 0 -stack-protector 1 -fstack-check -mdarwin-stkchk-strong-link -fblocks -fencode-extended-block-signature -fregister-global-dtors-with-atexit -fgnuc-version=4.2.1 -fobjc-runtime=macosx-10.15.0 -fcxx-exceptions -fexceptions -fmax-type-align=16 -fdiagnostics-show-option -o CMakeFiles/cmTC_f3c9e.dir/CMakeCXXCompilerABI.cpp.o -x c++ /Users/abarker/miniconda3/lib/python3.8/site-packages/cmake/data/CMake.app/Contents/share/cmake-3.18/Modules/CMakeCXXCompilerABI.cpp
clang -cc1 version 12.0.0 (clang-1200.0.31.1) default target x86_64-apple-darwin19.6.0
ignoring nonexistent directory "/Library/Developer/CommandLineTools/SDKs/MacOSX10.15.sdk/usr/local/include"
ignoring nonexistent directory "/Library/Developer/CommandLineTools/SDKs/MacOSX10.15.sdk/Library/Frameworks"
#include "..." search starts here:
#include <...> search starts here:
 /Library/Developer/CommandLineTools/usr/bin/../include/c++/v1
 /Library/Developer/CommandLineTools/usr/lib/clang/12.0.0/include
 /Library/Developer/CommandLineTools/SDKs/MacOSX10.15.sdk/usr/include
 /Library/Developer/CommandLineTools/usr/include
 /Library/Developer/CommandLineTools/SDKs/MacOSX10.15.sdk/System/Library/Frameworks (framework directory)
End of search list.
Linking CXX executable cmTC_f3c9e
/Users/abarker/miniconda3/lib/python3.8/site-packages/cmake/data/CMake.app/Contents/bin/cmake -E cmake_link_script CMakeFiles/cmTC_f3c9e.dir/link.txt --verbose=1
/Library/Developer/CommandLineTools/usr/bin/c++  -isysroot /Library/Developer/CommandLineTools/SDKs/MacOSX10.15.sdk -Wl,-search_paths_first -Wl,-headerpad_max_install_names  -v -Wl,-v CMakeFiles/cmTC_f3c9e.dir/CMakeCXXCompilerABI.cpp.o -o cmTC_f3c9e 
Apple clang version 12.0.0 (clang-1200.0.31.1)
Target: x86_64-apple-darwin19.6.0
Thread model: posix
InstalledDir: /Library/Developer/CommandLineTools/usr/bin
 "/Library/Developer/CommandLineTools/usr/bin/ld" -demangle -lto_library /Library/Developer/CommandLineTools/usr/lib/libLTO.dylib -dynamic -arch x86_64 -platform_version macos 10.15.0 10.15.6 -syslibroot /Library/Developer/CommandLineTools/SDKs/MacOSX10.15.sdk -o cmTC_f3c9e -search_paths_first -headerpad_max_install_names -v CMakeFiles/cmTC_f3c9e.dir/CMakeCXXCompilerABI.cpp.o -lc++ -lSystem /Library/Developer/CommandLineTools/usr/lib/clang/12.0.0/lib/darwin/libclang_rt.osx.a
@(#)PROGRAM:ld  PROJECT:ld64-609
BUILD 04:42:03 Aug 10 2020
configured to support archs: armv6 armv7 armv7s arm64 arm64e arm64_32 i386 x86_64 x86_64h armv6m armv7k armv7m armv7em
Library search paths:
	/Library/Developer/CommandLineTools/SDKs/MacOSX10.15.sdk/usr/lib
Framework search paths:
	/Library/Developer/CommandLineTools/SDKs/MacOSX10.15.sdk/System/Library/Frameworks/



Parsed CXX implicit include dir info from above output: rv=done
  found start of include info
  found start of implicit include info
    add: [/Library/Developer/CommandLineTools/usr/bin/../include/c++/v1]
    add: [/Library/Developer/CommandLineTools/usr/lib/clang/12.0.0/include]
    add: [/Library/Developer/CommandLineTools/SDKs/MacOSX10.15.sdk/usr/include]
    add: [/Library/Developer/CommandLineTools/usr/include]
  end of search list found
  collapse include dir [/Library/Developer/CommandLineTools/usr/bin/../include/c++/v1] ==> [/Library/Developer/CommandLineTools/usr/include/c++/v1]
  collapse include dir [/Library/Developer/CommandLineTools/usr/lib/clang/12.0.0/include] ==> [/Library/Developer/CommandLineTools/usr/lib/clang/12.0.0/include]
  collapse include dir [/Library/Developer/CommandLineTools/SDKs/MacOSX10.15.sdk/usr/include] ==> [/Library/Developer/CommandLineTools/SDKs/MacOSX10.15.sdk/usr/include]
  collapse include dir [/Library/Developer/CommandLineTools/usr/include] ==> [/Library/Developer/CommandLineTools/usr/include]
  implicit include dirs: [/Library/Developer/CommandLineTools/usr/include/c++/v1;/Library/Developer/CommandLineTools/usr/lib/clang/12.0.0/include;/Library/Developer/CommandLineTools/SDKs/MacOSX10.15.sdk/usr/include;/Library/Developer/CommandLineTools/usr/include]


Parsed CXX implicit link information from above output:
  link line regex: [^( *|.*[/\])(ld|CMAKE_LINK_STARTFILE-NOTFOUND|([^/\]+-)?ld|collect2)[^/\]*( |$)]
  ignore line: [Change Dir: /Users/abarker/Desktop/Fast/openfast/build/CMakeFiles/CMakeTmp]
  ignore line: []
  ignore line: [Run Build Command(s):/usr/bin/make cmTC_f3c9e/fast && /Library/Developer/CommandLineTools/usr/bin/make  -f CMakeFiles/cmTC_f3c9e.dir/build.make CMakeFiles/cmTC_f3c9e.dir/build]
  ignore line: [Building CXX object CMakeFiles/cmTC_f3c9e.dir/CMakeCXXCompilerABI.cpp.o]
  ignore line: [/Library/Developer/CommandLineTools/usr/bin/c++   -isysroot /Library/Developer/CommandLineTools/SDKs/MacOSX10.15.sdk   -v -Wl -v -o CMakeFiles/cmTC_f3c9e.dir/CMakeCXXCompilerABI.cpp.o -c /Users/abarker/miniconda3/lib/python3.8/site-packages/cmake/data/CMake.app/Contents/share/cmake-3.18/Modules/CMakeCXXCompilerABI.cpp]
  ignore line: [Apple clang version 12.0.0 (clang-1200.0.31.1)]
  ignore line: [Target: x86_64-apple-darwin19.6.0]
  ignore line: [Thread model: posix]
  ignore line: [InstalledDir: /Library/Developer/CommandLineTools/usr/bin]
  ignore line: [clang: warning: -Wl -v: 'linker' input unused [-Wunused-command-line-argument]]
  ignore line: [ignoring nonexistent directory "/Library/Developer/CommandLineTools/SDKs/MacOSX10.15.sdk/usr/include/c++/v1"]
  ignore line: [ "/Library/Developer/CommandLineTools/usr/bin/clang" -cc1 -triple x86_64-apple-macosx10.15.0 -Wdeprecated-objc-isa-usage -Werror=deprecated-objc-isa-usage -Werror=implicit-function-declaration -emit-obj -mrelax-all -disable-free -disable-llvm-verifier -discard-value-names -main-file-name CMakeCXXCompilerABI.cpp -mrelocation-model pic -pic-level 2 -mthread-model posix -mframe-pointer=all -fno-strict-return -masm-verbose -munwind-tables -target-sdk-version=10.15.6 -fcompatibility-qualified-id-block-type-checking -target-cpu penryn -dwarf-column-info -debugger-tuning=lldb -target-linker-version 609 -v -resource-dir /Library/Developer/CommandLineTools/usr/lib/clang/12.0.0 -isysroot /Library/Developer/CommandLineTools/SDKs/MacOSX10.15.sdk -stdlib=libc++ -internal-isystem /Library/Developer/CommandLineTools/usr/bin/../include/c++/v1 -internal-isystem /Library/Developer/CommandLineTools/SDKs/MacOSX10.15.sdk/usr/local/include -internal-isystem /Library/Developer/CommandLineTools/usr/lib/clang/12.0.0/include -internal-externc-isystem /Library/Developer/CommandLineTools/SDKs/MacOSX10.15.sdk/usr/include -internal-externc-isystem /Library/Developer/CommandLineTools/usr/include -Wno-reorder-init-list -Wno-implicit-int-float-conversion -Wno-c99-designator -Wno-final-dtor-non-final-class -Wno-extra-semi-stmt -Wno-misleading-indentation -Wno-quoted-include-in-framework-header -Wno-implicit-fallthrough -Wno-enum-enum-conversion -Wno-enum-float-conversion -fdeprecated-macro -fdebug-compilation-dir /Users/abarker/Desktop/FAST/openfast/build/CMakeFiles/CMakeTmp -ferror-limit 19 -fmessage-length 0 -stack-protector 1 -fstack-check -mdarwin-stkchk-strong-link -fblocks -fencode-extended-block-signature -fregister-global-dtors-with-atexit -fgnuc-version=4.2.1 -fobjc-runtime=macosx-10.15.0 -fcxx-exceptions -fexceptions -fmax-type-align=16 -fdiagnostics-show-option -o CMakeFiles/cmTC_f3c9e.dir/CMakeCXXCompilerABI.cpp.o -x c++ /Users/abarker/miniconda3/lib/python3.8/site-packages/cmake/data/CMake.app/Contents/share/cmake-3.18/Modules/CMakeCXXCompilerABI.cpp]
  ignore line: [clang -cc1 version 12.0.0 (clang-1200.0.31.1) default target x86_64-apple-darwin19.6.0]
  ignore line: [ignoring nonexistent directory "/Library/Developer/CommandLineTools/SDKs/MacOSX10.15.sdk/usr/local/include"]
  ignore line: [ignoring nonexistent directory "/Library/Developer/CommandLineTools/SDKs/MacOSX10.15.sdk/Library/Frameworks"]
  ignore line: [#include "..." search starts here:]
  ignore line: [#include <...> search starts here:]
  ignore line: [ /Library/Developer/CommandLineTools/usr/bin/../include/c++/v1]
  ignore line: [ /Library/Developer/CommandLineTools/usr/lib/clang/12.0.0/include]
  ignore line: [ /Library/Developer/CommandLineTools/SDKs/MacOSX10.15.sdk/usr/include]
  ignore line: [ /Library/Developer/CommandLineTools/usr/include]
  ignore line: [ /Library/Developer/CommandLineTools/SDKs/MacOSX10.15.sdk/System/Library/Frameworks (framework directory)]
  ignore line: [End of search list.]
  ignore line: [Linking CXX executable cmTC_f3c9e]
  ignore line: [/Users/abarker/miniconda3/lib/python3.8/site-packages/cmake/data/CMake.app/Contents/bin/cmake -E cmake_link_script CMakeFiles/cmTC_f3c9e.dir/link.txt --verbose=1]
  ignore line: [/Library/Developer/CommandLineTools/usr/bin/c++  -isysroot /Library/Developer/CommandLineTools/SDKs/MacOSX10.15.sdk -Wl -search_paths_first -Wl -headerpad_max_install_names  -v -Wl -v CMakeFiles/cmTC_f3c9e.dir/CMakeCXXCompilerABI.cpp.o -o cmTC_f3c9e ]
  ignore line: [Apple clang version 12.0.0 (clang-1200.0.31.1)]
  ignore line: [Target: x86_64-apple-darwin19.6.0]
  ignore line: [Thread model: posix]
  ignore line: [InstalledDir: /Library/Developer/CommandLineTools/usr/bin]
  link line: [ "/Library/Developer/CommandLineTools/usr/bin/ld" -demangle -lto_library /Library/Developer/CommandLineTools/usr/lib/libLTO.dylib -dynamic -arch x86_64 -platform_version macos 10.15.0 10.15.6 -syslibroot /Library/Developer/CommandLineTools/SDKs/MacOSX10.15.sdk -o cmTC_f3c9e -search_paths_first -headerpad_max_install_names -v CMakeFiles/cmTC_f3c9e.dir/CMakeCXXCompilerABI.cpp.o -lc++ -lSystem /Library/Developer/CommandLineTools/usr/lib/clang/12.0.0/lib/darwin/libclang_rt.osx.a]
    arg [/Library/Developer/CommandLineTools/usr/bin/ld] ==> ignore
    arg [-demangle] ==> ignore
    arg [-lto_library] ==> ignore, skip following value
    arg [/Library/Developer/CommandLineTools/usr/lib/libLTO.dylib] ==> skip value of -lto_library
    arg [-dynamic] ==> ignore
    arg [-arch] ==> ignore
    arg [x86_64] ==> ignore
    arg [-platform_version] ==> ignore
    arg [macos] ==> ignore
    arg [10.15.0] ==> ignore
    arg [10.15.6] ==> ignore
    arg [-syslibroot] ==> ignore
    arg [/Library/Developer/CommandLineTools/SDKs/MacOSX10.15.sdk] ==> ignore
    arg [-o] ==> ignore
    arg [cmTC_f3c9e] ==> ignore
    arg [-search_paths_first] ==> ignore
    arg [-headerpad_max_install_names] ==> ignore
    arg [-v] ==> ignore
    arg [CMakeFiles/cmTC_f3c9e.dir/CMakeCXXCompilerABI.cpp.o] ==> ignore
    arg [-lc++] ==> lib [c++]
    arg [-lSystem] ==> lib [System]
    arg [/Library/Developer/CommandLineTools/usr/lib/clang/12.0.0/lib/darwin/libclang_rt.osx.a] ==> lib [/Library/Developer/CommandLineTools/usr/lib/clang/12.0.0/lib/darwin/libclang_rt.osx.a]
  Library search paths: [;/Library/Developer/CommandLineTools/SDKs/MacOSX10.15.sdk/usr/lib]
  Framework search paths: [;/Library/Developer/CommandLineTools/SDKs/MacOSX10.15.sdk/System/Library/Frameworks/]
  remove lib [System]
  remove lib [/Library/Developer/CommandLineTools/usr/lib/clang/12.0.0/lib/darwin/libclang_rt.osx.a]
  collapse library dir [/Library/Developer/CommandLineTools/SDKs/MacOSX10.15.sdk/usr/lib] ==> [/Library/Developer/CommandLineTools/SDKs/MacOSX10.15.sdk/usr/lib]
  collapse framework dir [/Library/Developer/CommandLineTools/SDKs/MacOSX10.15.sdk/System/Library/Frameworks/] ==> [/Library/Developer/CommandLineTools/SDKs/MacOSX10.15.sdk/System/Library/Frameworks]
  implicit libs: [c++]
  implicit dirs: [/Library/Developer/CommandLineTools/SDKs/MacOSX10.15.sdk/usr/lib]
  implicit fwks: [/Library/Developer/CommandLineTools/SDKs/MacOSX10.15.sdk/System/Library/Frameworks]


Detecting C compiler ABI info compiled with the following output:
Change Dir: /Users/abarker/Desktop/Fast/openfast/build/CMakeFiles/CMakeTmp

Run Build Command(s):/usr/bin/make cmTC_62109/fast && /Library/Developer/CommandLineTools/usr/bin/make  -f CMakeFiles/cmTC_62109.dir/build.make CMakeFiles/cmTC_62109.dir/build
Building C object CMakeFiles/cmTC_62109.dir/CMakeCCompilerABI.c.o
/Library/Developer/CommandLineTools/usr/bin/cc   -isysroot /Library/Developer/CommandLineTools/SDKs/MacOSX10.15.sdk   -v -Wl,-v -o CMakeFiles/cmTC_62109.dir/CMakeCCompilerABI.c.o -c /Users/abarker/miniconda3/lib/python3.8/site-packages/cmake/data/CMake.app/Contents/share/cmake-3.18/Modules/CMakeCCompilerABI.c
Apple clang version 12.0.0 (clang-1200.0.31.1)
Target: x86_64-apple-darwin19.6.0
Thread model: posix
InstalledDir: /Library/Developer/CommandLineTools/usr/bin
clang: warning: -Wl,-v: 'linker' input unused [-Wunused-command-line-argument]
 "/Library/Developer/CommandLineTools/usr/bin/clang" -cc1 -triple x86_64-apple-macosx10.15.0 -Wdeprecated-objc-isa-usage -Werror=deprecated-objc-isa-usage -Werror=implicit-function-declaration -emit-obj -mrelax-all -disable-free -disable-llvm-verifier -discard-value-names -main-file-name CMakeCCompilerABI.c -mrelocation-model pic -pic-level 2 -mthread-model posix -mframe-pointer=all -fno-strict-return -masm-verbose -munwind-tables -target-sdk-version=10.15.6 -fcompatibility-qualified-id-block-type-checking -target-cpu penryn -dwarf-column-info -debugger-tuning=lldb -target-linker-version 609 -v -resource-dir /Library/Developer/CommandLineTools/usr/lib/clang/12.0.0 -isysroot /Library/Developer/CommandLineTools/SDKs/MacOSX10.15.sdk -internal-isystem /Library/Developer/CommandLineTools/SDKs/MacOSX10.15.sdk/usr/local/include -internal-isystem /Library/Developer/CommandLineTools/usr/lib/clang/12.0.0/include -internal-externc-isystem /Library/Developer/CommandLineTools/SDKs/MacOSX10.15.sdk/usr/include -internal-externc-isystem /Library/Developer/CommandLineTools/usr/include -Wno-reorder-init-list -Wno-implicit-int-float-conversion -Wno-c99-designator -Wno-final-dtor-non-final-class -Wno-extra-semi-stmt -Wno-misleading-indentation -Wno-quoted-include-in-framework-header -Wno-implicit-fallthrough -Wno-enum-enum-conversion -Wno-enum-float-conversion -fdebug-compilation-dir /Users/abarker/Desktop/FAST/openfast/build/CMakeFiles/CMakeTmp -ferror-limit 19 -fmessage-length 0 -stack-protector 1 -fstack-check -mdarwin-stkchk-strong-link -fblocks -fencode-extended-block-signature -fregister-global-dtors-with-atexit -fgnuc-version=4.2.1 -fobjc-runtime=macosx-10.15.0 -fmax-type-align=16 -fdiagnostics-show-option -o CMakeFiles/cmTC_62109.dir/CMakeCCompilerABI.c.o -x c /Users/abarker/miniconda3/lib/python3.8/site-packages/cmake/data/CMake.app/Contents/share/cmake-3.18/Modules/CMakeCCompilerABI.c
clang -cc1 version 12.0.0 (clang-1200.0.31.1) default target x86_64-apple-darwin19.6.0
ignoring nonexistent directory "/Library/Developer/CommandLineTools/SDKs/MacOSX10.15.sdk/usr/local/include"
ignoring nonexistent directory "/Library/Developer/CommandLineTools/SDKs/MacOSX10.15.sdk/Library/Frameworks"
#include "..." search starts here:
#include <...> search starts here:
 /Library/Developer/CommandLineTools/usr/lib/clang/12.0.0/include
 /Library/Developer/CommandLineTools/SDKs/MacOSX10.15.sdk/usr/include
 /Library/Developer/CommandLineTools/usr/include
 /Library/Developer/CommandLineTools/SDKs/MacOSX10.15.sdk/System/Library/Frameworks (framework directory)
End of search list.
Linking C executable cmTC_62109
/Users/abarker/miniconda3/lib/python3.8/site-packages/cmake/data/CMake.app/Contents/bin/cmake -E cmake_link_script CMakeFiles/cmTC_62109.dir/link.txt --verbose=1
/Library/Developer/CommandLineTools/usr/bin/cc  -isysroot /Library/Developer/CommandLineTools/SDKs/MacOSX10.15.sdk -Wl,-search_paths_first -Wl,-headerpad_max_install_names  -v -Wl,-v CMakeFiles/cmTC_62109.dir/CMakeCCompilerABI.c.o -o cmTC_62109 
Apple clang version 12.0.0 (clang-1200.0.31.1)
Target: x86_64-apple-darwin19.6.0
Thread model: posix
InstalledDir: /Library/Developer/CommandLineTools/usr/bin
 "/Library/Developer/CommandLineTools/usr/bin/ld" -demangle -lto_library /Library/Developer/CommandLineTools/usr/lib/libLTO.dylib -dynamic -arch x86_64 -platform_version macos 10.15.0 10.15.6 -syslibroot /Library/Developer/CommandLineTools/SDKs/MacOSX10.15.sdk -o cmTC_62109 -search_paths_first -headerpad_max_install_names -v CMakeFiles/cmTC_62109.dir/CMakeCCompilerABI.c.o -lSystem /Library/Developer/CommandLineTools/usr/lib/clang/12.0.0/lib/darwin/libclang_rt.osx.a
@(#)PROGRAM:ld  PROJECT:ld64-609
BUILD 04:42:03 Aug 10 2020
configured to support archs: armv6 armv7 armv7s arm64 arm64e arm64_32 i386 x86_64 x86_64h armv6m armv7k armv7m armv7em
Library search paths:
	/Library/Developer/CommandLineTools/SDKs/MacOSX10.15.sdk/usr/lib
Framework search paths:
	/Library/Developer/CommandLineTools/SDKs/MacOSX10.15.sdk/System/Library/Frameworks/



Parsed C implicit include dir info from above output: rv=done
  found start of include info
  found start of implicit include info
    add: [/Library/Developer/CommandLineTools/usr/lib/clang/12.0.0/include]
    add: [/Library/Developer/CommandLineTools/SDKs/MacOSX10.15.sdk/usr/include]
    add: [/Library/Developer/CommandLineTools/usr/include]
  end of search list found
  collapse include dir [/Library/Developer/CommandLineTools/usr/lib/clang/12.0.0/include] ==> [/Library/Developer/CommandLineTools/usr/lib/clang/12.0.0/include]
  collapse include dir [/Library/Developer/CommandLineTools/SDKs/MacOSX10.15.sdk/usr/include] ==> [/Library/Developer/CommandLineTools/SDKs/MacOSX10.15.sdk/usr/include]
  collapse include dir [/Library/Developer/CommandLineTools/usr/include] ==> [/Library/Developer/CommandLineTools/usr/include]
  implicit include dirs: [/Library/Developer/CommandLineTools/usr/lib/clang/12.0.0/include;/Library/Developer/CommandLineTools/SDKs/MacOSX10.15.sdk/usr/include;/Library/Developer/CommandLineTools/usr/include]


Parsed C implicit link information from above output:
  link line regex: [^( *|.*[/\])(ld|CMAKE_LINK_STARTFILE-NOTFOUND|([^/\]+-)?ld|collect2)[^/\]*( |$)]
  ignore line: [Change Dir: /Users/abarker/Desktop/Fast/openfast/build/CMakeFiles/CMakeTmp]
  ignore line: []
  ignore line: [Run Build Command(s):/usr/bin/make cmTC_62109/fast && /Library/Developer/CommandLineTools/usr/bin/make  -f CMakeFiles/cmTC_62109.dir/build.make CMakeFiles/cmTC_62109.dir/build]
  ignore line: [Building C object CMakeFiles/cmTC_62109.dir/CMakeCCompilerABI.c.o]
  ignore line: [/Library/Developer/CommandLineTools/usr/bin/cc   -isysroot /Library/Developer/CommandLineTools/SDKs/MacOSX10.15.sdk   -v -Wl -v -o CMakeFiles/cmTC_62109.dir/CMakeCCompilerABI.c.o -c /Users/abarker/miniconda3/lib/python3.8/site-packages/cmake/data/CMake.app/Contents/share/cmake-3.18/Modules/CMakeCCompilerABI.c]
  ignore line: [Apple clang version 12.0.0 (clang-1200.0.31.1)]
  ignore line: [Target: x86_64-apple-darwin19.6.0]
  ignore line: [Thread model: posix]
  ignore line: [InstalledDir: /Library/Developer/CommandLineTools/usr/bin]
  ignore line: [clang: warning: -Wl -v: 'linker' input unused [-Wunused-command-line-argument]]
  ignore line: [ "/Library/Developer/CommandLineTools/usr/bin/clang" -cc1 -triple x86_64-apple-macosx10.15.0 -Wdeprecated-objc-isa-usage -Werror=deprecated-objc-isa-usage -Werror=implicit-function-declaration -emit-obj -mrelax-all -disable-free -disable-llvm-verifier -discard-value-names -main-file-name CMakeCCompilerABI.c -mrelocation-model pic -pic-level 2 -mthread-model posix -mframe-pointer=all -fno-strict-return -masm-verbose -munwind-tables -target-sdk-version=10.15.6 -fcompatibility-qualified-id-block-type-checking -target-cpu penryn -dwarf-column-info -debugger-tuning=lldb -target-linker-version 609 -v -resource-dir /Library/Developer/CommandLineTools/usr/lib/clang/12.0.0 -isysroot /Library/Developer/CommandLineTools/SDKs/MacOSX10.15.sdk -internal-isystem /Library/Developer/CommandLineTools/SDKs/MacOSX10.15.sdk/usr/local/include -internal-isystem /Library/Developer/CommandLineTools/usr/lib/clang/12.0.0/include -internal-externc-isystem /Library/Developer/CommandLineTools/SDKs/MacOSX10.15.sdk/usr/include -internal-externc-isystem /Library/Developer/CommandLineTools/usr/include -Wno-reorder-init-list -Wno-implicit-int-float-conversion -Wno-c99-designator -Wno-final-dtor-non-final-class -Wno-extra-semi-stmt -Wno-misleading-indentation -Wno-quoted-include-in-framework-header -Wno-implicit-fallthrough -Wno-enum-enum-conversion -Wno-enum-float-conversion -fdebug-compilation-dir /Users/abarker/Desktop/FAST/openfast/build/CMakeFiles/CMakeTmp -ferror-limit 19 -fmessage-length 0 -stack-protector 1 -fstack-check -mdarwin-stkchk-strong-link -fblocks -fencode-extended-block-signature -fregister-global-dtors-with-atexit -fgnuc-version=4.2.1 -fobjc-runtime=macosx-10.15.0 -fmax-type-align=16 -fdiagnostics-show-option -o CMakeFiles/cmTC_62109.dir/CMakeCCompilerABI.c.o -x c /Users/abarker/miniconda3/lib/python3.8/site-packages/cmake/data/CMake.app/Contents/share/cmake-3.18/Modules/CMakeCCompilerABI.c]
  ignore line: [clang -cc1 version 12.0.0 (clang-1200.0.31.1) default target x86_64-apple-darwin19.6.0]
  ignore line: [ignoring nonexistent directory "/Library/Developer/CommandLineTools/SDKs/MacOSX10.15.sdk/usr/local/include"]
  ignore line: [ignoring nonexistent directory "/Library/Developer/CommandLineTools/SDKs/MacOSX10.15.sdk/Library/Frameworks"]
  ignore line: [#include "..." search starts here:]
  ignore line: [#include <...> search starts here:]
  ignore line: [ /Library/Developer/CommandLineTools/usr/lib/clang/12.0.0/include]
  ignore line: [ /Library/Developer/CommandLineTools/SDKs/MacOSX10.15.sdk/usr/include]
  ignore line: [ /Library/Developer/CommandLineTools/usr/include]
  ignore line: [ /Library/Developer/CommandLineTools/SDKs/MacOSX10.15.sdk/System/Library/Frameworks (framework directory)]
  ignore line: [End of search list.]
  ignore line: [Linking C executable cmTC_62109]
  ignore line: [/Users/abarker/miniconda3/lib/python3.8/site-packages/cmake/data/CMake.app/Contents/bin/cmake -E cmake_link_script CMakeFiles/cmTC_62109.dir/link.txt --verbose=1]
  ignore line: [/Library/Developer/CommandLineTools/usr/bin/cc  -isysroot /Library/Developer/CommandLineTools/SDKs/MacOSX10.15.sdk -Wl -search_paths_first -Wl -headerpad_max_install_names  -v -Wl -v CMakeFiles/cmTC_62109.dir/CMakeCCompilerABI.c.o -o cmTC_62109 ]
  ignore line: [Apple clang version 12.0.0 (clang-1200.0.31.1)]
  ignore line: [Target: x86_64-apple-darwin19.6.0]
  ignore line: [Thread model: posix]
  ignore line: [InstalledDir: /Library/Developer/CommandLineTools/usr/bin]
  link line: [ "/Library/Developer/CommandLineTools/usr/bin/ld" -demangle -lto_library /Library/Developer/CommandLineTools/usr/lib/libLTO.dylib -dynamic -arch x86_64 -platform_version macos 10.15.0 10.15.6 -syslibroot /Library/Developer/CommandLineTools/SDKs/MacOSX10.15.sdk -o cmTC_62109 -search_paths_first -headerpad_max_install_names -v CMakeFiles/cmTC_62109.dir/CMakeCCompilerABI.c.o -lSystem /Library/Developer/CommandLineTools/usr/lib/clang/12.0.0/lib/darwin/libclang_rt.osx.a]
    arg [/Library/Developer/CommandLineTools/usr/bin/ld] ==> ignore
    arg [-demangle] ==> ignore
    arg [-lto_library] ==> ignore, skip following value
    arg [/Library/Developer/CommandLineTools/usr/lib/libLTO.dylib] ==> skip value of -lto_library
    arg [-dynamic] ==> ignore
    arg [-arch] ==> ignore
    arg [x86_64] ==> ignore
    arg [-platform_version] ==> ignore
    arg [macos] ==> ignore
    arg [10.15.0] ==> ignore
    arg [10.15.6] ==> ignore
    arg [-syslibroot] ==> ignore
    arg [/Library/Developer/CommandLineTools/SDKs/MacOSX10.15.sdk] ==> ignore
    arg [-o] ==> ignore
    arg [cmTC_62109] ==> ignore
    arg [-search_paths_first] ==> ignore
    arg [-headerpad_max_install_names] ==> ignore
    arg [-v] ==> ignore
    arg [CMakeFiles/cmTC_62109.dir/CMakeCCompilerABI.c.o] ==> ignore
    arg [-lSystem] ==> lib [System]
    arg [/Library/Developer/CommandLineTools/usr/lib/clang/12.0.0/lib/darwin/libclang_rt.osx.a] ==> lib [/Library/Developer/CommandLineTools/usr/lib/clang/12.0.0/lib/darwin/libclang_rt.osx.a]
  Library search paths: [;/Library/Developer/CommandLineTools/SDKs/MacOSX10.15.sdk/usr/lib]
  Framework search paths: [;/Library/Developer/CommandLineTools/SDKs/MacOSX10.15.sdk/System/Library/Frameworks/]
  remove lib [System]
  remove lib [/Library/Developer/CommandLineTools/usr/lib/clang/12.0.0/lib/darwin/libclang_rt.osx.a]
  collapse library dir [/Library/Developer/CommandLineTools/SDKs/MacOSX10.15.sdk/usr/lib] ==> [/Library/Developer/CommandLineTools/SDKs/MacOSX10.15.sdk/usr/lib]
  collapse framework dir [/Library/Developer/CommandLineTools/SDKs/MacOSX10.15.sdk/System/Library/Frameworks/] ==> [/Library/Developer/CommandLineTools/SDKs/MacOSX10.15.sdk/System/Library/Frameworks]
  implicit libs: []
  implicit dirs: [/Library/Developer/CommandLineTools/SDKs/MacOSX10.15.sdk/usr/lib]
  implicit fwks: [/Library/Developer/CommandLineTools/SDKs/MacOSX10.15.sdk/System/Library/Frameworks]


Detecting Fortran compiler ABI info compiled with the following output:
Change Dir: /Users/abarker/Desktop/Fast/openfast/build/CMakeFiles/CMakeTmp

Run Build Command(s):/usr/bin/make cmTC_26c4b/fast && /Library/Developer/CommandLineTools/usr/bin/make  -f CMakeFiles/cmTC_26c4b.dir/build.make CMakeFiles/cmTC_26c4b.dir/build
Building Fortran object CMakeFiles/cmTC_26c4b.dir/CMakeFortranCompilerABI.F.o
/usr/local/bin/gfortran   -isysroot /Library/Developer/CommandLineTools/SDKs/MacOSX10.15.sdk   -v -Wl,-v -c /Users/abarker/miniconda3/lib/python3.8/site-packages/cmake/data/CMake.app/Contents/share/cmake-3.18/Modules/CMakeFortranCompilerABI.F -o CMakeFiles/cmTC_26c4b.dir/CMakeFortranCompilerABI.F.o
Using built-in specs.
COLLECT_GCC=/usr/local/bin/gfortran
Target: x86_64-apple-darwin19
Configured with: ../configure --build=x86_64-apple-darwin19 --prefix=/usr/local/Cellar/gcc/10.2.0_4 --libdir=/usr/local/Cellar/gcc/10.2.0_4/lib/gcc/10 --disable-nls --enable-checking=release --enable-languages=c,c++,objc,obj-c++,fortran --program-suffix=-10 --with-gmp=/usr/local/opt/gmp --with-mpfr=/usr/local/opt/mpfr --with-mpc=/usr/local/opt/libmpc --with-isl=/usr/local/opt/isl --with-system-zlib --with-pkgversion='Homebrew GCC 10.2.0_4' --with-bugurl=https://github.com/Homebrew/homebrew-core/issues --disable-multilib --with-native-system-header-dir=/usr/include --with-sysroot=/Library/Developer/CommandLineTools/SDKs/MacOSX10.15.sdk SED=/usr/bin/sed
Thread model: posix
Supported LTO compression algorithms: zlib
gcc version 10.2.0 (Homebrew GCC 10.2.0_4) 
COLLECT_GCC_OPTIONS='-isysroot' '/Library/Developer/CommandLineTools/SDKs/MacOSX10.15.sdk' '-v' '-c' '-o' 'CMakeFiles/cmTC_26c4b.dir/CMakeFortranCompilerABI.F.o' '-mmacosx-version-min=10.15.0' '-asm_macosx_version_min=10.15' '-mtune=core2'
 /usr/local/Cellar/gcc/10.2.0_4/libexec/gcc/x86_64-apple-darwin19/10.2.0/f951 /Users/abarker/miniconda3/lib/python3.8/site-packages/cmake/data/CMake.app/Contents/share/cmake-3.18/Modules/CMakeFortranCompilerABI.F -ffixed-form -cpp=/var/folders/jd/y6z0lz61259f5vzddqbpzzv85qrvw2/T//ccNGNwYP.f90 -quiet -v -D__DYNAMIC__ -isysroot /Library/Developer/CommandLineTools/SDKs/MacOSX10.15.sdk /Users/abarker/miniconda3/lib/python3.8/site-packages/cmake/data/CMake.app/Contents/share/cmake-3.18/Modules/CMakeFortranCompilerABI.F -fPIC -quiet -dumpbase CMakeFortranCompilerABI.F -mmacosx-version-min=10.15.0 -mtune=core2 -auxbase-strip CMakeFiles/cmTC_26c4b.dir/CMakeFortranCompilerABI.F.o -version -fintrinsic-modules-path /usr/local/Cellar/gcc/10.2.0_4/lib/gcc/10/gcc/x86_64-apple-darwin19/10.2.0/finclude -o /var/folders/jd/y6z0lz61259f5vzddqbpzzv85qrvw2/T//ccDjA5It.s
GNU Fortran (Homebrew GCC 10.2.0_4) version 10.2.0 (x86_64-apple-darwin19)
	compiled by GNU C version 10.2.0, GMP version 6.2.1, MPFR version 4.1.0, MPC version 1.2.1, isl version isl-0.23-GMP

GGC heuristics: --param ggc-min-expand=100 --param ggc-min-heapsize=131072
ignoring nonexistent directory "/Library/Developer/CommandLineTools/SDKs/MacOSX10.15.sdk/usr/local/include"
ignoring nonexistent directory "/usr/local/Cellar/gcc/10.2.0_4/lib/gcc/10/gcc/x86_64-apple-darwin19/10.2.0/../../../../../../x86_64-apple-darwin19/include"
#include "..." search starts here:
#include <...> search starts here:
 /usr/local/Cellar/gcc/10.2.0_4/lib/gcc/10/gcc/x86_64-apple-darwin19/10.2.0/finclude
 /usr/local/Cellar/gcc/10.2.0_4/lib/gcc/10/gcc/x86_64-apple-darwin19/10.2.0/include
 /usr/local/Cellar/gcc/10.2.0_4/lib/gcc/10/gcc/x86_64-apple-darwin19/10.2.0/include-fixed
 /Library/Developer/CommandLineTools/SDKs/MacOSX10.15.sdk/usr/include
End of search list.
GNU Fortran2008 (Homebrew GCC 10.2.0_4) version 10.2.0 (x86_64-apple-darwin19)
	compiled by GNU C version 10.2.0, GMP version 6.2.1, MPFR version 4.1.0, MPC version 1.2.1, isl version isl-0.23-GMP

GGC heuristics: --param ggc-min-expand=100 --param ggc-min-heapsize=131072
COLLECT_GCC_OPTIONS='-isysroot' '/Library/Developer/CommandLineTools/SDKs/MacOSX10.15.sdk' '-v' '-c' '-o' 'CMakeFiles/cmTC_26c4b.dir/CMakeFortranCompilerABI.F.o' '-mmacosx-version-min=10.15.0'  '-mtune=core2'
 as -arch x86_64 -v -force_cpusubtype_ALL -mmacosx-version-min=10.15 -o CMakeFiles/cmTC_26c4b.dir/CMakeFortranCompilerABI.F.o /var/folders/jd/y6z0lz61259f5vzddqbpzzv85qrvw2/T//ccDjA5It.s
Apple clang version 12.0.0 (clang-1200.0.31.1)
Target: x86_64-apple-darwin19.6.0
Thread model: posix
InstalledDir: /Library/Developer/CommandLineTools/usr/bin
 "/Library/Developer/CommandLineTools/usr/bin/clang" -cc1as -triple x86_64-apple-macosx10.15.0 -filetype obj -main-file-name ccDjA5It.s -target-cpu penryn -fdebug-compilation-dir /Users/abarker/Desktop/FAST/openfast/build/CMakeFiles/CMakeTmp -dwarf-debug-producer "Apple clang version 12.0.0 (clang-1200.0.31.1)" -dwarf-version=4 -mrelocation-model pic -o CMakeFiles/cmTC_26c4b.dir/CMakeFortranCompilerABI.F.o /var/folders/jd/y6z0lz61259f5vzddqbpzzv85qrvw2/T//ccDjA5It.s
COMPILER_PATH=/usr/local/Cellar/gcc/10.2.0_4/libexec/gcc/x86_64-apple-darwin19/10.2.0/:/usr/local/Cellar/gcc/10.2.0_4/libexec/gcc/x86_64-apple-darwin19/10.2.0/:/usr/local/Cellar/gcc/10.2.0_4/libexec/gcc/x86_64-apple-darwin19/:/usr/local/Cellar/gcc/10.2.0_4/lib/gcc/10/gcc/x86_64-apple-darwin19/10.2.0/:/usr/local/Cellar/gcc/10.2.0_4/lib/gcc/10/gcc/x86_64-apple-darwin19/
LIBRARY_PATH=/usr/local/Cellar/gcc/10.2.0_4/lib/gcc/10/gcc/x86_64-apple-darwin19/10.2.0/:/usr/local/Cellar/gcc/10.2.0_4/lib/gcc/10/gcc/x86_64-apple-darwin19/10.2.0/../../../
COLLECT_GCC_OPTIONS='-isysroot' '/Library/Developer/CommandLineTools/SDKs/MacOSX10.15.sdk' '-v' '-c' '-o' 'CMakeFiles/cmTC_26c4b.dir/CMakeFortranCompilerABI.F.o' '-mmacosx-version-min=10.15.0'  '-mtune=core2'
Linking Fortran executable cmTC_26c4b
/Users/abarker/miniconda3/lib/python3.8/site-packages/cmake/data/CMake.app/Contents/bin/cmake -E cmake_link_script CMakeFiles/cmTC_26c4b.dir/link.txt --verbose=1
/usr/local/bin/gfortran  -v -Wl,-v  -isysroot /Library/Developer/CommandLineTools/SDKs/MacOSX10.15.sdk CMakeFiles/cmTC_26c4b.dir/CMakeFortranCompilerABI.F.o -o cmTC_26c4b 
Driving: /usr/local/bin/gfortran -v -Wl,-v -isysroot /Library/Developer/CommandLineTools/SDKs/MacOSX10.15.sdk CMakeFiles/cmTC_26c4b.dir/CMakeFortranCompilerABI.F.o -o cmTC_26c4b -mmacosx-version-min=10.15.0 -asm_macosx_version_min=10.15 -l gfortran -shared-libgcc
Using built-in specs.
COLLECT_GCC=/usr/local/bin/gfortran
COLLECT_LTO_WRAPPER=/usr/local/Cellar/gcc/10.2.0_4/libexec/gcc/x86_64-apple-darwin19/10.2.0/lto-wrapper
Target: x86_64-apple-darwin19
Configured with: ../configure --build=x86_64-apple-darwin19 --prefix=/usr/local/Cellar/gcc/10.2.0_4 --libdir=/usr/local/Cellar/gcc/10.2.0_4/lib/gcc/10 --disable-nls --enable-checking=release --enable-languages=c,c++,objc,obj-c++,fortran --program-suffix=-10 --with-gmp=/usr/local/opt/gmp --with-mpfr=/usr/local/opt/mpfr --with-mpc=/usr/local/opt/libmpc --with-isl=/usr/local/opt/isl --with-system-zlib --with-pkgversion='Homebrew GCC 10.2.0_4' --with-bugurl=https://github.com/Homebrew/homebrew-core/issues --disable-multilib --with-native-system-header-dir=/usr/include --with-sysroot=/Library/Developer/CommandLineTools/SDKs/MacOSX10.15.sdk SED=/usr/bin/sed
Thread model: posix
Supported LTO compression algorithms: zlib
gcc version 10.2.0 (Homebrew GCC 10.2.0_4) 
Reading specs from /usr/local/Cellar/gcc/10.2.0_4/lib/gcc/10/gcc/x86_64-apple-darwin19/10.2.0/../../../libgfortran.spec
rename spec lib to liborig
COLLECT_GCC_OPTIONS='-v' '-isysroot' '/Library/Developer/CommandLineTools/SDKs/MacOSX10.15.sdk' '-o' 'cmTC_26c4b' '-mmacosx-version-min=10.15.0' '-asm_macosx_version_min=10.15' '-shared-libgcc' '-mtune=core2'
COMPILER_PATH=/usr/local/Cellar/gcc/10.2.0_4/libexec/gcc/x86_64-apple-darwin19/10.2.0/:/usr/local/Cellar/gcc/10.2.0_4/libexec/gcc/x86_64-apple-darwin19/10.2.0/:/usr/local/Cellar/gcc/10.2.0_4/libexec/gcc/x86_64-apple-darwin19/:/usr/local/Cellar/gcc/10.2.0_4/lib/gcc/10/gcc/x86_64-apple-darwin19/10.2.0/:/usr/local/Cellar/gcc/10.2.0_4/lib/gcc/10/gcc/x86_64-apple-darwin19/
LIBRARY_PATH=/usr/local/Cellar/gcc/10.2.0_4/lib/gcc/10/gcc/x86_64-apple-darwin19/10.2.0/:/usr/local/Cellar/gcc/10.2.0_4/lib/gcc/10/gcc/x86_64-apple-darwin19/10.2.0/../../../
COLLECT_GCC_OPTIONS='-v' '-isysroot' '/Library/Developer/CommandLineTools/SDKs/MacOSX10.15.sdk' '-o' 'cmTC_26c4b' '-mmacosx-version-min=10.15.0' '-asm_macosx_version_min=10.15' '-shared-libgcc' '-mtune=core2'
 /usr/local/Cellar/gcc/10.2.0_4/libexec/gcc/x86_64-apple-darwin19/10.2.0/collect2 -dynamic -arch x86_64 -macosx_version_min 10.15.0 -syslibroot /Library/Developer/CommandLineTools/SDKs/MacOSX10.15.sdk -weak_reference_mismatches non-weak -o cmTC_26c4b -L/usr/local/Cellar/gcc/10.2.0_4/lib/gcc/10/gcc/x86_64-apple-darwin19/10.2.0 -L/usr/local/Cellar/gcc/10.2.0_4/lib/gcc/10/gcc/x86_64-apple-darwin19/10.2.0/../../.. -v CMakeFiles/cmTC_26c4b.dir/CMakeFortranCompilerABI.F.o -lgfortran -lSystem -lgcc_ext.10.5 -lgcc -lquadmath -lm -lgcc_ext.10.5 -lgcc -lSystem -no_compact_unwind -v
collect2 version 10.2.0
/usr/bin/ld -dynamic -arch x86_64 -macosx_version_min 10.15.0 -syslibroot /Library/Developer/CommandLineTools/SDKs/MacOSX10.15.sdk -weak_reference_mismatches non-weak -o cmTC_26c4b -L/usr/local/Cellar/gcc/10.2.0_4/lib/gcc/10/gcc/x86_64-apple-darwin19/10.2.0 -L/usr/local/Cellar/gcc/10.2.0_4/lib/gcc/10/gcc/x86_64-apple-darwin19/10.2.0/../../.. -v CMakeFiles/cmTC_26c4b.dir/CMakeFortranCompilerABI.F.o -lgfortran -lSystem -lgcc_ext.10.5 -lgcc -lquadmath -lm -lgcc_ext.10.5 -lgcc -lSystem -no_compact_unwind -v
@(#)PROGRAM:ld  PROJECT:ld64-609
BUILD 04:42:03 Aug 10 2020
configured to support archs: armv6 armv7 armv7s arm64 arm64e arm64_32 i386 x86_64 x86_64h armv6m armv7k armv7m armv7em
@(#)PROGRAM:ld  PROJECT:ld64-609
BUILD 04:42:03 Aug 10 2020
configured to support archs: armv6 armv7 armv7s arm64 arm64e arm64_32 i386 x86_64 x86_64h armv6m armv7k armv7m armv7em
Library search paths:
	/usr/local/Cellar/gcc/10.2.0_4/lib/gcc/10/gcc/x86_64-apple-darwin19/10.2.0
	/usr/local/Cellar/gcc/10.2.0_4/lib/gcc/10
	/Library/Developer/CommandLineTools/SDKs/MacOSX10.15.sdk/usr/lib
Framework search paths:
	/Library/Developer/CommandLineTools/SDKs/MacOSX10.15.sdk/System/Library/Frameworks/



Parsed Fortran implicit include dir info from above output: rv=done
  found start of include info
  found start of implicit include info
    add: [/usr/local/Cellar/gcc/10.2.0_4/lib/gcc/10/gcc/x86_64-apple-darwin19/10.2.0/finclude]
    add: [/usr/local/Cellar/gcc/10.2.0_4/lib/gcc/10/gcc/x86_64-apple-darwin19/10.2.0/include]
    add: [/usr/local/Cellar/gcc/10.2.0_4/lib/gcc/10/gcc/x86_64-apple-darwin19/10.2.0/include-fixed]
    add: [/Library/Developer/CommandLineTools/SDKs/MacOSX10.15.sdk/usr/include]
  end of search list found
  collapse include dir [/usr/local/Cellar/gcc/10.2.0_4/lib/gcc/10/gcc/x86_64-apple-darwin19/10.2.0/finclude] ==> [/usr/local/Cellar/gcc/10.2.0_4/lib/gcc/10/gcc/x86_64-apple-darwin19/10.2.0/finclude]
  collapse include dir [/usr/local/Cellar/gcc/10.2.0_4/lib/gcc/10/gcc/x86_64-apple-darwin19/10.2.0/include] ==> [/usr/local/Cellar/gcc/10.2.0_4/lib/gcc/10/gcc/x86_64-apple-darwin19/10.2.0/include]
  collapse include dir [/usr/local/Cellar/gcc/10.2.0_4/lib/gcc/10/gcc/x86_64-apple-darwin19/10.2.0/include-fixed] ==> [/usr/local/Cellar/gcc/10.2.0_4/lib/gcc/10/gcc/x86_64-apple-darwin19/10.2.0/include-fixed]
  collapse include dir [/Library/Developer/CommandLineTools/SDKs/MacOSX10.15.sdk/usr/include] ==> [/Library/Developer/CommandLineTools/SDKs/MacOSX10.15.sdk/usr/include]
  implicit include dirs: [/usr/local/Cellar/gcc/10.2.0_4/lib/gcc/10/gcc/x86_64-apple-darwin19/10.2.0/finclude;/usr/local/Cellar/gcc/10.2.0_4/lib/gcc/10/gcc/x86_64-apple-darwin19/10.2.0/include;/usr/local/Cellar/gcc/10.2.0_4/lib/gcc/10/gcc/x86_64-apple-darwin19/10.2.0/include-fixed;/Library/Developer/CommandLineTools/SDKs/MacOSX10.15.sdk/usr/include]


Parsed Fortran implicit link information from above output:
  link line regex: [^( *|.*[/\])(ld|CMAKE_LINK_STARTFILE-NOTFOUND|([^/\]+-)?ld|collect2)[^/\]*( |$)]
  ignore line: [Change Dir: /Users/abarker/Desktop/Fast/openfast/build/CMakeFiles/CMakeTmp]
  ignore line: []
  ignore line: [Run Build Command(s):/usr/bin/make cmTC_26c4b/fast && /Library/Developer/CommandLineTools/usr/bin/make  -f CMakeFiles/cmTC_26c4b.dir/build.make CMakeFiles/cmTC_26c4b.dir/build]
  ignore line: [Building Fortran object CMakeFiles/cmTC_26c4b.dir/CMakeFortranCompilerABI.F.o]
  ignore line: [/usr/local/bin/gfortran   -isysroot /Library/Developer/CommandLineTools/SDKs/MacOSX10.15.sdk   -v -Wl -v -c /Users/abarker/miniconda3/lib/python3.8/site-packages/cmake/data/CMake.app/Contents/share/cmake-3.18/Modules/CMakeFortranCompilerABI.F -o CMakeFiles/cmTC_26c4b.dir/CMakeFortranCompilerABI.F.o]
  ignore line: [Using built-in specs.]
  ignore line: [COLLECT_GCC=/usr/local/bin/gfortran]
  ignore line: [Target: x86_64-apple-darwin19]
  ignore line: [Configured with: ../configure --build=x86_64-apple-darwin19 --prefix=/usr/local/Cellar/gcc/10.2.0_4 --libdir=/usr/local/Cellar/gcc/10.2.0_4/lib/gcc/10 --disable-nls --enable-checking=release --enable-languages=c c++ objc obj-c++ fortran --program-suffix=-10 --with-gmp=/usr/local/opt/gmp --with-mpfr=/usr/local/opt/mpfr --with-mpc=/usr/local/opt/libmpc --with-isl=/usr/local/opt/isl --with-system-zlib --with-pkgversion='Homebrew GCC 10.2.0_4' --with-bugurl=https://github.com/Homebrew/homebrew-core/issues --disable-multilib --with-native-system-header-dir=/usr/include --with-sysroot=/Library/Developer/CommandLineTools/SDKs/MacOSX10.15.sdk SED=/usr/bin/sed]
  ignore line: [Thread model: posix]
  ignore line: [Supported LTO compression algorithms: zlib]
  ignore line: [gcc version 10.2.0 (Homebrew GCC 10.2.0_4) ]
  ignore line: [COLLECT_GCC_OPTIONS='-isysroot' '/Library/Developer/CommandLineTools/SDKs/MacOSX10.15.sdk' '-v' '-c' '-o' 'CMakeFiles/cmTC_26c4b.dir/CMakeFortranCompilerABI.F.o' '-mmacosx-version-min=10.15.0' '-asm_macosx_version_min=10.15' '-mtune=core2']
  ignore line: [ /usr/local/Cellar/gcc/10.2.0_4/libexec/gcc/x86_64-apple-darwin19/10.2.0/f951 /Users/abarker/miniconda3/lib/python3.8/site-packages/cmake/data/CMake.app/Contents/share/cmake-3.18/Modules/CMakeFortranCompilerABI.F -ffixed-form -cpp=/var/folders/jd/y6z0lz61259f5vzddqbpzzv85qrvw2/T//ccNGNwYP.f90 -quiet -v -D__DYNAMIC__ -isysroot /Library/Developer/CommandLineTools/SDKs/MacOSX10.15.sdk /Users/abarker/miniconda3/lib/python3.8/site-packages/cmake/data/CMake.app/Contents/share/cmake-3.18/Modules/CMakeFortranCompilerABI.F -fPIC -quiet -dumpbase CMakeFortranCompilerABI.F -mmacosx-version-min=10.15.0 -mtune=core2 -auxbase-strip CMakeFiles/cmTC_26c4b.dir/CMakeFortranCompilerABI.F.o -version -fintrinsic-modules-path /usr/local/Cellar/gcc/10.2.0_4/lib/gcc/10/gcc/x86_64-apple-darwin19/10.2.0/finclude -o /var/folders/jd/y6z0lz61259f5vzddqbpzzv85qrvw2/T//ccDjA5It.s]
  ignore line: [GNU Fortran (Homebrew GCC 10.2.0_4) version 10.2.0 (x86_64-apple-darwin19)]
  ignore line: [	compiled by GNU C version 10.2.0  GMP version 6.2.1  MPFR version 4.1.0  MPC version 1.2.1  isl version isl-0.23-GMP]
  ignore line: []
  ignore line: [GGC heuristics: --param ggc-min-expand=100 --param ggc-min-heapsize=131072]
  ignore line: [ignoring nonexistent directory "/Library/Developer/CommandLineTools/SDKs/MacOSX10.15.sdk/usr/local/include"]
  ignore line: [ignoring nonexistent directory "/usr/local/Cellar/gcc/10.2.0_4/lib/gcc/10/gcc/x86_64-apple-darwin19/10.2.0/../../../../../../x86_64-apple-darwin19/include"]
  ignore line: [#include "..." search starts here:]
  ignore line: [#include <...> search starts here:]
  ignore line: [ /usr/local/Cellar/gcc/10.2.0_4/lib/gcc/10/gcc/x86_64-apple-darwin19/10.2.0/finclude]
  ignore line: [ /usr/local/Cellar/gcc/10.2.0_4/lib/gcc/10/gcc/x86_64-apple-darwin19/10.2.0/include]
  ignore line: [ /usr/local/Cellar/gcc/10.2.0_4/lib/gcc/10/gcc/x86_64-apple-darwin19/10.2.0/include-fixed]
  ignore line: [ /Library/Developer/CommandLineTools/SDKs/MacOSX10.15.sdk/usr/include]
  ignore line: [End of search list.]
  ignore line: [GNU Fortran2008 (Homebrew GCC 10.2.0_4) version 10.2.0 (x86_64-apple-darwin19)]
  ignore line: [	compiled by GNU C version 10.2.0  GMP version 6.2.1  MPFR version 4.1.0  MPC version 1.2.1  isl version isl-0.23-GMP]
  ignore line: []
  ignore line: [GGC heuristics: --param ggc-min-expand=100 --param ggc-min-heapsize=131072]
  ignore line: [COLLECT_GCC_OPTIONS='-isysroot' '/Library/Developer/CommandLineTools/SDKs/MacOSX10.15.sdk' '-v' '-c' '-o' 'CMakeFiles/cmTC_26c4b.dir/CMakeFortranCompilerABI.F.o' '-mmacosx-version-min=10.15.0'  '-mtune=core2']
  ignore line: [ as -arch x86_64 -v -force_cpusubtype_ALL -mmacosx-version-min=10.15 -o CMakeFiles/cmTC_26c4b.dir/CMakeFortranCompilerABI.F.o /var/folders/jd/y6z0lz61259f5vzddqbpzzv85qrvw2/T//ccDjA5It.s]
  ignore line: [Apple clang version 12.0.0 (clang-1200.0.31.1)]
  ignore line: [Target: x86_64-apple-darwin19.6.0]
  ignore line: [Thread model: posix]
  ignore line: [InstalledDir: /Library/Developer/CommandLineTools/usr/bin]
  ignore line: [ "/Library/Developer/CommandLineTools/usr/bin/clang" -cc1as -triple x86_64-apple-macosx10.15.0 -filetype obj -main-file-name ccDjA5It.s -target-cpu penryn -fdebug-compilation-dir /Users/abarker/Desktop/FAST/openfast/build/CMakeFiles/CMakeTmp -dwarf-debug-producer "Apple clang version 12.0.0 (clang-1200.0.31.1)" -dwarf-version=4 -mrelocation-model pic -o CMakeFiles/cmTC_26c4b.dir/CMakeFortranCompilerABI.F.o /var/folders/jd/y6z0lz61259f5vzddqbpzzv85qrvw2/T//ccDjA5It.s]
  ignore line: [COMPILER_PATH=/usr/local/Cellar/gcc/10.2.0_4/libexec/gcc/x86_64-apple-darwin19/10.2.0/:/usr/local/Cellar/gcc/10.2.0_4/libexec/gcc/x86_64-apple-darwin19/10.2.0/:/usr/local/Cellar/gcc/10.2.0_4/libexec/gcc/x86_64-apple-darwin19/:/usr/local/Cellar/gcc/10.2.0_4/lib/gcc/10/gcc/x86_64-apple-darwin19/10.2.0/:/usr/local/Cellar/gcc/10.2.0_4/lib/gcc/10/gcc/x86_64-apple-darwin19/]
  ignore line: [LIBRARY_PATH=/usr/local/Cellar/gcc/10.2.0_4/lib/gcc/10/gcc/x86_64-apple-darwin19/10.2.0/:/usr/local/Cellar/gcc/10.2.0_4/lib/gcc/10/gcc/x86_64-apple-darwin19/10.2.0/../../../]
  ignore line: [COLLECT_GCC_OPTIONS='-isysroot' '/Library/Developer/CommandLineTools/SDKs/MacOSX10.15.sdk' '-v' '-c' '-o' 'CMakeFiles/cmTC_26c4b.dir/CMakeFortranCompilerABI.F.o' '-mmacosx-version-min=10.15.0'  '-mtune=core2']
  ignore line: [Linking Fortran executable cmTC_26c4b]
  ignore line: [/Users/abarker/miniconda3/lib/python3.8/site-packages/cmake/data/CMake.app/Contents/bin/cmake -E cmake_link_script CMakeFiles/cmTC_26c4b.dir/link.txt --verbose=1]
  ignore line: [/usr/local/bin/gfortran  -v -Wl -v  -isysroot /Library/Developer/CommandLineTools/SDKs/MacOSX10.15.sdk CMakeFiles/cmTC_26c4b.dir/CMakeFortranCompilerABI.F.o -o cmTC_26c4b ]
  ignore line: [Driving: /usr/local/bin/gfortran -v -Wl -v -isysroot /Library/Developer/CommandLineTools/SDKs/MacOSX10.15.sdk CMakeFiles/cmTC_26c4b.dir/CMakeFortranCompilerABI.F.o -o cmTC_26c4b -mmacosx-version-min=10.15.0 -asm_macosx_version_min=10.15 -l gfortran -shared-libgcc]
  ignore line: [Using built-in specs.]
  ignore line: [COLLECT_GCC=/usr/local/bin/gfortran]
  ignore line: [COLLECT_LTO_WRAPPER=/usr/local/Cellar/gcc/10.2.0_4/libexec/gcc/x86_64-apple-darwin19/10.2.0/lto-wrapper]
  ignore line: [Target: x86_64-apple-darwin19]
  ignore line: [Configured with: ../configure --build=x86_64-apple-darwin19 --prefix=/usr/local/Cellar/gcc/10.2.0_4 --libdir=/usr/local/Cellar/gcc/10.2.0_4/lib/gcc/10 --disable-nls --enable-checking=release --enable-languages=c c++ objc obj-c++ fortran --program-suffix=-10 --with-gmp=/usr/local/opt/gmp --with-mpfr=/usr/local/opt/mpfr --with-mpc=/usr/local/opt/libmpc --with-isl=/usr/local/opt/isl --with-system-zlib --with-pkgversion='Homebrew GCC 10.2.0_4' --with-bugurl=https://github.com/Homebrew/homebrew-core/issues --disable-multilib --with-native-system-header-dir=/usr/include --with-sysroot=/Library/Developer/CommandLineTools/SDKs/MacOSX10.15.sdk SED=/usr/bin/sed]
  ignore line: [Thread model: posix]
  ignore line: [Supported LTO compression algorithms: zlib]
  ignore line: [gcc version 10.2.0 (Homebrew GCC 10.2.0_4) ]
  ignore line: [Reading specs from /usr/local/Cellar/gcc/10.2.0_4/lib/gcc/10/gcc/x86_64-apple-darwin19/10.2.0/../../../libgfortran.spec]
  ignore line: [rename spec lib to liborig]
  ignore line: [COLLECT_GCC_OPTIONS='-v' '-isysroot' '/Library/Developer/CommandLineTools/SDKs/MacOSX10.15.sdk' '-o' 'cmTC_26c4b' '-mmacosx-version-min=10.15.0' '-asm_macosx_version_min=10.15' '-shared-libgcc' '-mtune=core2']
  ignore line: [COMPILER_PATH=/usr/local/Cellar/gcc/10.2.0_4/libexec/gcc/x86_64-apple-darwin19/10.2.0/:/usr/local/Cellar/gcc/10.2.0_4/libexec/gcc/x86_64-apple-darwin19/10.2.0/:/usr/local/Cellar/gcc/10.2.0_4/libexec/gcc/x86_64-apple-darwin19/:/usr/local/Cellar/gcc/10.2.0_4/lib/gcc/10/gcc/x86_64-apple-darwin19/10.2.0/:/usr/local/Cellar/gcc/10.2.0_4/lib/gcc/10/gcc/x86_64-apple-darwin19/]
  ignore line: [LIBRARY_PATH=/usr/local/Cellar/gcc/10.2.0_4/lib/gcc/10/gcc/x86_64-apple-darwin19/10.2.0/:/usr/local/Cellar/gcc/10.2.0_4/lib/gcc/10/gcc/x86_64-apple-darwin19/10.2.0/../../../]
  ignore line: [COLLECT_GCC_OPTIONS='-v' '-isysroot' '/Library/Developer/CommandLineTools/SDKs/MacOSX10.15.sdk' '-o' 'cmTC_26c4b' '-mmacosx-version-min=10.15.0' '-asm_macosx_version_min=10.15' '-shared-libgcc' '-mtune=core2']
  link line: [ /usr/local/Cellar/gcc/10.2.0_4/libexec/gcc/x86_64-apple-darwin19/10.2.0/collect2 -dynamic -arch x86_64 -macosx_version_min 10.15.0 -syslibroot /Library/Developer/CommandLineTools/SDKs/MacOSX10.15.sdk -weak_reference_mismatches non-weak -o cmTC_26c4b -L/usr/local/Cellar/gcc/10.2.0_4/lib/gcc/10/gcc/x86_64-apple-darwin19/10.2.0 -L/usr/local/Cellar/gcc/10.2.0_4/lib/gcc/10/gcc/x86_64-apple-darwin19/10.2.0/../../.. -v CMakeFiles/cmTC_26c4b.dir/CMakeFortranCompilerABI.F.o -lgfortran -lSystem -lgcc_ext.10.5 -lgcc -lquadmath -lm -lgcc_ext.10.5 -lgcc -lSystem -no_compact_unwind -v]
    arg [/usr/local/Cellar/gcc/10.2.0_4/libexec/gcc/x86_64-apple-darwin19/10.2.0/collect2] ==> ignore
    arg [-dynamic] ==> ignore
    arg [-arch] ==> ignore
    arg [x86_64] ==> ignore
    arg [-macosx_version_min] ==> ignore
    arg [10.15.0] ==> ignore
    arg [-syslibroot] ==> ignore
    arg [/Library/Developer/CommandLineTools/SDKs/MacOSX10.15.sdk] ==> ignore
    arg [-weak_reference_mismatches] ==> ignore
    arg [non-weak] ==> ignore
    arg [-o] ==> ignore
    arg [cmTC_26c4b] ==> ignore
    arg [-L/usr/local/Cellar/gcc/10.2.0_4/lib/gcc/10/gcc/x86_64-apple-darwin19/10.2.0] ==> dir [/usr/local/Cellar/gcc/10.2.0_4/lib/gcc/10/gcc/x86_64-apple-darwin19/10.2.0]
    arg [-L/usr/local/Cellar/gcc/10.2.0_4/lib/gcc/10/gcc/x86_64-apple-darwin19/10.2.0/../../..] ==> dir [/usr/local/Cellar/gcc/10.2.0_4/lib/gcc/10/gcc/x86_64-apple-darwin19/10.2.0/../../..]
    arg [-v] ==> ignore
    arg [CMakeFiles/cmTC_26c4b.dir/CMakeFortranCompilerABI.F.o] ==> ignore
    arg [-lgfortran] ==> lib [gfortran]
    arg [-lSystem] ==> lib [System]
    arg [-lgcc_ext.10.5] ==> lib [gcc_ext.10.5]
    arg [-lgcc] ==> lib [gcc]
    arg [-lquadmath] ==> lib [quadmath]
    arg [-lm] ==> lib [m]
    arg [-lgcc_ext.10.5] ==> lib [gcc_ext.10.5]
    arg [-lgcc] ==> lib [gcc]
    arg [-lSystem] ==> lib [System]
    arg [-no_compact_unwind] ==> ignore
    arg [-v] ==> ignore
  Library search paths: [;/usr/local/Cellar/gcc/10.2.0_4/lib/gcc/10/gcc/x86_64-apple-darwin19/10.2.0;/usr/local/Cellar/gcc/10.2.0_4/lib/gcc/10;/Library/Developer/CommandLineTools/SDKs/MacOSX10.15.sdk/usr/lib]
  Framework search paths: [;/Library/Developer/CommandLineTools/SDKs/MacOSX10.15.sdk/System/Library/Frameworks/]
  remove lib [System]
  remove lib [System]
  collapse library dir [/usr/local/Cellar/gcc/10.2.0_4/lib/gcc/10/gcc/x86_64-apple-darwin19/10.2.0] ==> [/usr/local/Cellar/gcc/10.2.0_4/lib/gcc/10/gcc/x86_64-apple-darwin19/10.2.0]
  collapse library dir [/usr/local/Cellar/gcc/10.2.0_4/lib/gcc/10/gcc/x86_64-apple-darwin19/10.2.0/../../..] ==> [/usr/local/Cellar/gcc/10.2.0_4/lib/gcc/10]
  collapse library dir [/usr/local/Cellar/gcc/10.2.0_4/lib/gcc/10/gcc/x86_64-apple-darwin19/10.2.0] ==> [/usr/local/Cellar/gcc/10.2.0_4/lib/gcc/10/gcc/x86_64-apple-darwin19/10.2.0]
  collapse library dir [/usr/local/Cellar/gcc/10.2.0_4/lib/gcc/10] ==> [/usr/local/Cellar/gcc/10.2.0_4/lib/gcc/10]
  collapse library dir [/Library/Developer/CommandLineTools/SDKs/MacOSX10.15.sdk/usr/lib] ==> [/Library/Developer/CommandLineTools/SDKs/MacOSX10.15.sdk/usr/lib]
  collapse framework dir [/Library/Developer/CommandLineTools/SDKs/MacOSX10.15.sdk/System/Library/Frameworks/] ==> [/Library/Developer/CommandLineTools/SDKs/MacOSX10.15.sdk/System/Library/Frameworks]
  implicit libs: [gfortran;gcc_ext.10.5;gcc;quadmath;m;gcc_ext.10.5;gcc]
  implicit dirs: [/usr/local/Cellar/gcc/10.2.0_4/lib/gcc/10/gcc/x86_64-apple-darwin19/10.2.0;/usr/local/Cellar/gcc/10.2.0_4/lib/gcc/10;/Library/Developer/CommandLineTools/SDKs/MacOSX10.15.sdk/usr/lib]
  implicit fwks: [/Library/Developer/CommandLineTools/SDKs/MacOSX10.15.sdk/System/Library/Frameworks]


Determining if the Fortran compiler supports Fortran 90 passed with the following output:
Change Dir: /Users/abarker/Desktop/Fast/openfast/build/CMakeFiles/CMakeTmp

Run Build Command(s):/usr/bin/make cmTC_632cd/fast && /Library/Developer/CommandLineTools/usr/bin/make  -f CMakeFiles/cmTC_632cd.dir/build.make CMakeFiles/cmTC_632cd.dir/build
Building Fortran object CMakeFiles/cmTC_632cd.dir/testFortranCompilerF90.f90.o
/usr/local/bin/gfortran   -isysroot /Library/Developer/CommandLineTools/SDKs/MacOSX10.15.sdk -c /Users/abarker/Desktop/Fast/openfast/build/CMakeFiles/CMakeTmp/testFortranCompilerF90.f90 -o CMakeFiles/cmTC_632cd.dir/testFortranCompilerF90.f90.o
Linking Fortran executable cmTC_632cd
/Users/abarker/miniconda3/lib/python3.8/site-packages/cmake/data/CMake.app/Contents/bin/cmake -E cmake_link_script CMakeFiles/cmTC_632cd.dir/link.txt --verbose=1
/usr/local/bin/gfortran  -isysroot /Library/Developer/CommandLineTools/SDKs/MacOSX10.15.sdk CMakeFiles/cmTC_632cd.dir/testFortranCompilerF90.f90.o -o cmTC_632cd 



Performing Fortran SOURCE FILE Test HAS_FORTRAN2008 succeeded with the following output:
Change Dir: /Users/abarker/Desktop/Fast/openfast/build/CMakeFiles/CMakeTmp

Run Build Command(s):/usr/bin/make cmTC_ce06f/fast && /Library/Developer/CommandLineTools/usr/bin/make  -f CMakeFiles/cmTC_ce06f.dir/build.make CMakeFiles/cmTC_ce06f.dir/build
Building Fortran object CMakeFiles/cmTC_ce06f.dir/src.F90.o
/usr/local/bin/gfortran -DHAS_FORTRAN2008  -DUNIT_TEST -fpic  -ffree-line-length-none -cpp -fstack-reuse=none -fdefault-real-8  -isysroot /Library/Developer/CommandLineTools/SDKs/MacOSX10.15.sdk -c /Users/abarker/Desktop/Fast/openfast/build/CMakeFiles/CMakeTmp/src.F90 -o CMakeFiles/cmTC_ce06f.dir/src.F90.o
Linking Fortran executable cmTC_ce06f
/Users/abarker/miniconda3/lib/python3.8/site-packages/cmake/data/CMake.app/Contents/bin/cmake -E cmake_link_script CMakeFiles/cmTC_ce06f.dir/link.txt --verbose=1
/usr/local/bin/gfortran  -DUNIT_TEST -fpic  -ffree-line-length-none -cpp -fstack-reuse=none -fdefault-real-8  -isysroot /Library/Developer/CommandLineTools/SDKs/MacOSX10.15.sdk CMakeFiles/cmTC_ce06f.dir/src.F90.o -o cmTC_ce06f 


Source file was:
program test
     use iso_fortran_env, only: compiler_version, real32, real64, real128
     integer, parameter :: quki = real128
     integer, parameter :: dbki = real64
     integer, parameter :: reki = real32

     end program test
Determining if the include file pthread.h exists passed with the following output:
Change Dir: /Users/abarker/Desktop/Fast/openfast/build/CMakeFiles/CMakeTmp

Run Build Command(s):/usr/bin/make cmTC_ff3dd/fast && /Library/Developer/CommandLineTools/usr/bin/make  -f CMakeFiles/cmTC_ff3dd.dir/build.make CMakeFiles/cmTC_ff3dd.dir/build
Building C object CMakeFiles/cmTC_ff3dd.dir/CheckIncludeFile.c.o
/Library/Developer/CommandLineTools/usr/bin/cc   -isysroot /Library/Developer/CommandLineTools/SDKs/MacOSX10.15.sdk -o CMakeFiles/cmTC_ff3dd.dir/CheckIncludeFile.c.o -c /Users/abarker/Desktop/Fast/openfast/build/CMakeFiles/CMakeTmp/CheckIncludeFile.c
Linking C executable cmTC_ff3dd
/Users/abarker/miniconda3/lib/python3.8/site-packages/cmake/data/CMake.app/Contents/bin/cmake -E cmake_link_script CMakeFiles/cmTC_ff3dd.dir/link.txt --verbose=1
/Library/Developer/CommandLineTools/usr/bin/cc  -isysroot /Library/Developer/CommandLineTools/SDKs/MacOSX10.15.sdk -Wl,-search_paths_first -Wl,-headerpad_max_install_names CMakeFiles/cmTC_ff3dd.dir/CheckIncludeFile.c.o -o cmTC_ff3dd 



Performing C SOURCE FILE Test CMAKE_HAVE_LIBC_PTHREAD succeeded with the following output:
Change Dir: /Users/abarker/Desktop/Fast/openfast/build/CMakeFiles/CMakeTmp

Run Build Command(s):/usr/bin/make cmTC_87451/fast && /Library/Developer/CommandLineTools/usr/bin/make  -f CMakeFiles/cmTC_87451.dir/build.make CMakeFiles/cmTC_87451.dir/build
Building C object CMakeFiles/cmTC_87451.dir/src.c.o
/Library/Developer/CommandLineTools/usr/bin/cc   -DCMAKE_HAVE_LIBC_PTHREAD -isysroot /Library/Developer/CommandLineTools/SDKs/MacOSX10.15.sdk -o CMakeFiles/cmTC_87451.dir/src.c.o -c /Users/abarker/Desktop/Fast/openfast/build/CMakeFiles/CMakeTmp/src.c
Linking C executable cmTC_87451
/Users/abarker/miniconda3/lib/python3.8/site-packages/cmake/data/CMake.app/Contents/bin/cmake -E cmake_link_script CMakeFiles/cmTC_87451.dir/link.txt --verbose=1
/Library/Developer/CommandLineTools/usr/bin/cc  -DCMAKE_HAVE_LIBC_PTHREAD -isysroot /Library/Developer/CommandLineTools/SDKs/MacOSX10.15.sdk -Wl,-search_paths_first -Wl,-headerpad_max_install_names CMakeFiles/cmTC_87451.dir/src.c.o -o cmTC_87451 


Source file was:
#include <pthread.h>

void* test_func(void* data)
{
  return data;
}

int main(void)
{
  pthread_t thread;
  pthread_create(&thread, NULL, test_func, NULL);
  pthread_detach(thread);
  pthread_cancel(thread);
  pthread_join(thread, NULL);
  pthread_atfork(NULL, NULL, NULL);
  pthread_exit(NULL);

  return 0;
}

Determining if the Fortran dgemm exists passed with the following output:
Change Dir: /Users/abarker/Desktop/Fast/openfast/build/CMakeFiles/CMakeTmp

Run Build Command(s):/usr/bin/make cmTC_1ef54/fast && /Library/Developer/CommandLineTools/usr/bin/make  -f CMakeFiles/cmTC_1ef54.dir/build.make CMakeFiles/cmTC_1ef54.dir/build
Building Fortran object CMakeFiles/cmTC_1ef54.dir/testFortranCompiler.f.o
/usr/local/bin/gfortran   -DUNIT_TEST -fpic  -ffree-line-length-none -cpp -fstack-reuse=none -fdefault-real-8  -isysroot /Library/Developer/CommandLineTools/SDKs/MacOSX10.15.sdk -c /Users/abarker/Desktop/Fast/openfast/build/CMakeFiles/CMakeTmp/testFortranCompiler.f -o CMakeFiles/cmTC_1ef54.dir/testFortranCompiler.f.o
Linking Fortran executable cmTC_1ef54
/Users/abarker/miniconda3/lib/python3.8/site-packages/cmake/data/CMake.app/Contents/bin/cmake -E cmake_link_script CMakeFiles/cmTC_1ef54.dir/link.txt --verbose=1
/usr/local/bin/gfortran  -DUNIT_TEST -fpic  -ffree-line-length-none -cpp -fstack-reuse=none -fdefault-real-8  -isysroot /Library/Developer/CommandLineTools/SDKs/MacOSX10.15.sdk CMakeFiles/cmTC_1ef54.dir/testFortranCompiler.f.o -o cmTC_1ef54  -framework Accelerate 



Determining if the Fortran cheev exists passed with the following output:
Change Dir: /Users/abarker/Desktop/Fast/openfast/build/CMakeFiles/CMakeTmp

Run Build Command(s):/usr/bin/make cmTC_bad7a/fast && /Library/Developer/CommandLineTools/usr/bin/make  -f CMakeFiles/cmTC_bad7a.dir/build.make CMakeFiles/cmTC_bad7a.dir/build
Building Fortran object CMakeFiles/cmTC_bad7a.dir/testFortranCompiler.f.o
/usr/local/bin/gfortran   -DUNIT_TEST -fpic  -ffree-line-length-none -cpp -fstack-reuse=none -fdefault-real-8  -isysroot /Library/Developer/CommandLineTools/SDKs/MacOSX10.15.sdk -c /Users/abarker/Desktop/Fast/openfast/build/CMakeFiles/CMakeTmp/testFortranCompiler.f -o CMakeFiles/cmTC_bad7a.dir/testFortranCompiler.f.o
Linking Fortran executable cmTC_bad7a
/Users/abarker/miniconda3/lib/python3.8/site-packages/cmake/data/CMake.app/Contents/bin/cmake -E cmake_link_script CMakeFiles/cmTC_bad7a.dir/link.txt --verbose=1
/usr/local/bin/gfortran  -DUNIT_TEST -fpic  -ffree-line-length-none -cpp -fstack-reuse=none -fdefault-real-8  -isysroot /Library/Developer/CommandLineTools/SDKs/MacOSX10.15.sdk CMakeFiles/cmTC_bad7a.dir/testFortranCompiler.f.o -o cmTC_bad7a  -framework Accelerate -lm -ldl 



